<?xml version="1.0" encoding="utf-8"?><testsuites name="pytest tests"><testsuite name="pytest" errors="0" failures="0" skipped="0" tests="3" time="3.377" timestamp="2026-08-13T20:03:00.753580+00:00" hostname="agent-env-cd0bfdb0-7bd2-4f5c-bdac-4bb7d6ac5648"><testcase classname="tests.test_scaffold" name="test_root_hello_world" time="0.415" /><testcase classname="tests.test_scaffold" name="test_create_status_check" time="0.368" /><testcase classname="tests.test_scaffold" name="test_get_status_checks_contains_created" time="0.309" /></testsuite></testsuites>